find_executable: checking for pg_config... -------------------- no

--------------------

checking for libpq per pkg-config... -------------------- no

"pkg-config --exists libpq"
package configuration for libpq is not found
--------------------

find_header: checking for libpq-fe.h... -------------------- no

"gcc -o conftest -I/home/wesley-waka/.rvm/rubies/ruby-2.7.4/include/ruby-2.7.0/x86_64-linux -I/home/wesley-waka/.rvm/rubies/ruby-2.7.4/include/ruby-2.7.0/ruby/backward -I/home/wesley-waka/.rvm/rubies/ruby-2.7.4/include/ruby-2.7.0 -I.    -g -O2 -fPIC conftest.c  -L. -L/home/wesley-waka/.rvm/rubies/ruby-2.7.4/lib -Wl,-rpath,/home/wesley-waka/.rvm/rubies/ruby-2.7.4/lib -L. -fstack-protector-strong -rdynamic -Wl,-export-dynamic     -Wl,-rpath,'/../lib' -Wl,-rpath,'/../lib' -lruby  -lm   -lc"
checked program was:
/* begin */
1: #include "ruby.h"
2: 
3: int main(int argc, char **argv)
4: {
5:   return !!argv[argc];
6: }
/* end */

"gcc -E -I/home/wesley-waka/.rvm/rubies/ruby-2.7.4/include/ruby-2.7.0/x86_64-linux -I/home/wesley-waka/.rvm/rubies/ruby-2.7.4/include/ruby-2.7.0/ruby/backward -I/home/wesley-waka/.rvm/rubies/ruby-2.7.4/include/ruby-2.7.0 -I.    -g -O2 -fPIC  conftest.c -o conftest.i"
conftest.c:3:10: fatal error: libpq-fe.h: No such file or directory
    3 | #include <libpq-fe.h>
      |          ^~~~~~~~~~~~
compilation terminated.
checked program was:
/* begin */
1: #include "ruby.h"
2: 
3: #include <libpq-fe.h>
/* end */

--------------------

